[debug] [2021-09-16T17:44:25.990Z] ----------------------------------------------------------------------
[debug] [2021-09-16T17:44:25.992Z] Command:       /usr/local/bin/node /usr/local/bin/firebase init
[debug] [2021-09-16T17:44:25.993Z] CLI Version:   9.18.0
[debug] [2021-09-16T17:44:25.993Z] Platform:      darwin
[debug] [2021-09-16T17:44:25.993Z] Node Version:  v16.8.0
[debug] [2021-09-16T17:44:25.994Z] Time:          Thu Sep 16 2021 12:44:25 GMT-0500 (Central Daylight Time)
[debug] [2021-09-16T17:44:25.994Z] ----------------------------------------------------------------------
[debug] 
[debug] [2021-09-16T17:44:26.051Z] > command requires scopes: ["email","openid","https://www.googleapis.com/auth/cloudplatformprojects.readonly","https://www.googleapis.com/auth/firebase","https://www.googleapis.com/auth/cloud-platform"]
[debug] [2021-09-16T17:44:26.051Z] > authorizing via signed-in user (simple4natalie@gmail.com)
[info] 
     ######## #### ########  ######## ########     ###     ######  ########
     ##        ##  ##     ## ##       ##     ##  ##   ##  ##       ##
     ######    ##  ########  ######   ########  #########  ######  ######
     ##        ##  ##    ##  ##       ##     ## ##     ##       ## ##
     ##       #### ##     ## ######## ########  ##     ##  ######  ########

You're about to initialize a Firebase project in this directory:

  /Users/natalielopez/Desktop/Projects/class-project-3/codeShare

Before we get started, keep in mind:

  * You are initializing within an existing Firebase project directory

[info] 
=== Project Setup
[info] 
[info] First, let's associate this project directory with a Firebase project.
[info] You can create multiple project aliases by running firebase use --add, 
[info] but for now we'll just set up a default project.
[info] 
[info] 
=== Hosting Setup
[info] 
[info] Your public directory is the folder (relative to your project directory) that
[info] will contain Hosting assets to be uploaded with firebase deploy. If you
[info] have a build process for your assets, use your build's output directory.
[info] 
[debug] [2021-09-16T17:46:26.003Z] >>> [apiv2][query] GET https://www.gstatic.com/firebasejs/releases.json [none]
[debug] [2021-09-16T17:46:26.137Z] <<< [apiv2][status] GET https://www.gstatic.com/firebasejs/releases.json 200
[debug] [2021-09-16T17:46:26.138Z] <<< [apiv2][body] GET https://www.gstatic.com/firebasejs/releases.json {"current":{"version":"9.0.2","browserURL":"https://www.gstatic.com/firebasejs/9.0.2/firebase.js","packageURL":"https://www.gstatic.com/firebasejs/9.0.2/firebase.tgz"},"live":{"version":"9.0","browserURL":"https://www.gstatic.com/firebasejs/live/9.0/firebase.js","packageURL":"https://www.gstatic.com/firebasejs/live/9.0/firebase.tgz"},"components":{"analytics":"https://www.gstatic.com/firebasejs/9.0.2/firebase-analytics.js","app":"https://www.gstatic.com/firebasejs/9.0.2/firebase-app.js","app-check":"https://www.gstatic.com/firebasejs/9.0.2/firebase-app-check.js","auth":"https://www.gstatic.com/firebasejs/9.0.2/firebase-auth.js","auth/cordova":"https://www.gstatic.com/firebasejs/9.0.2/firebase-auth/cordova.js","auth/react-native":"https://www.gstatic.com/firebasejs/9.0.2/firebase-auth/react-native.js","functions":"https://www.gstatic.com/firebasejs/9.0.2/firebase-functions.js","firestore":"https://www.gstatic.com/firebasejs/9.0.2/firebase-firestore.js","firestore/lite":"https://www.gstatic.com/firebasejs/9.0.2/firebase-firestore/lite.js","storage":"https://www.gstatic.com/firebasejs/9.0.2/firebase-storage.js","performance":"https://www.gstatic.com/firebasejs/9.0.2/firebase-performance.js","remote-config":"https://www.gstatic.com/firebasejs/9.0.2/firebase-remote-config.js","messaging":"https://www.gstatic.com/firebasejs/9.0.2/firebase-messaging.js","messaging/sw":"https://www.gstatic.com/firebasejs/9.0.2/firebase-messaging/sw.js","database":"https://www.gstatic.com/firebasejs/9.0.2/firebase-database.js","firestore.memory":"https://www.gstatic.com/firebasejs/9.0.2/firebase-firestore.memory.js"}}
